[13:03:50] [ServerMain/INFO]: Building unoptimized datafixer
[13:03:52] [ServerMain/INFO]: Environment: authHost='https://authserver.mojang.com', accountsHost='https://api.mojang.com', sessionHost='https://sessionserver.mojang.com', servicesHost='https://api.minecraftservices.com', name='PROD'
[13:03:54] [ServerMain/INFO]: Loaded 7 recipes
[13:03:55] [ServerMain/INFO]: Loaded 1179 advancements
[13:03:56] [Server thread/INFO]: Starting minecraft server version 1.19.3
[13:03:56] [Server thread/INFO]: Loading properties
[13:03:56] [Server thread/INFO]: Default game type: SURVIVAL
[13:03:56] [Server thread/INFO]: Generating keypair
[13:03:56] [Server thread/INFO]: Starting Minecraft server on *:25565
[13:03:56] [Server thread/INFO]: Using epoll channel type
[13:03:56] [Server thread/WARN]: **** SERVER IS RUNNING IN OFFLINE/INSECURE MODE!
[13:03:56] [Server thread/WARN]: The server will make no attempt to authenticate usernames. Beware.
[13:03:56] [Server thread/WARN]: While this makes the game possible to play without internet access, it also opens up the ability for hackers to connect with any username they choose.
[13:03:56] [Server thread/WARN]: To change this, set "online-mode" to "true" in the server.properties file.
[13:03:56] [Server thread/INFO]: Preparing level "world"
[13:04:06] [Server thread/INFO]: Preparing start region for dimension minecraft:overworld
[13:04:08] [Worker-Main-1/INFO]: Preparing spawn area: 0%
[13:04:08] [Worker-Main-1/INFO]: Preparing spawn area: 0%
[13:04:08] [Worker-Main-1/INFO]: Preparing spawn area: 0%
[13:04:08] [Worker-Main-1/INFO]: Preparing spawn area: 0%
[13:04:08] [Worker-Main-1/INFO]: Preparing spawn area: 0%
[13:04:09] [Worker-Main-1/INFO]: Preparing spawn area: 0%
[13:04:10] [Worker-Main-1/INFO]: Preparing spawn area: 0%
[13:04:10] [Worker-Main-1/INFO]: Preparing spawn area: 0%
[13:04:10] [Worker-Main-1/INFO]: Preparing spawn area: 0%
[13:04:11] [Worker-Main-1/INFO]: Preparing spawn area: 0%
[13:04:11] [Worker-Main-1/INFO]: Preparing spawn area: 0%
[13:04:12] [Worker-Main-1/INFO]: Preparing spawn area: 0%
[13:04:12] [Worker-Main-1/INFO]: Preparing spawn area: 0%
[13:04:13] [Worker-Main-1/INFO]: Preparing spawn area: 0%
[13:04:13] [Worker-Main-1/INFO]: Preparing spawn area: 0%
[13:04:14] [Worker-Main-1/INFO]: Preparing spawn area: 0%
[13:04:14] [Worker-Main-1/INFO]: Preparing spawn area: 0%
[13:04:15] [Worker-Main-1/INFO]: Preparing spawn area: 0%
[13:04:15] [Worker-Main-1/INFO]: Preparing spawn area: 0%
[13:04:16] [Worker-Main-1/INFO]: Preparing spawn area: 0%
[13:04:16] [Worker-Main-1/INFO]: Preparing spawn area: 0%
[13:04:17] [Worker-Main-1/INFO]: Preparing spawn area: 0%
[13:04:17] [Worker-Main-1/INFO]: Preparing spawn area: 0%
[13:04:18] [Worker-Main-1/INFO]: Preparing spawn area: 0%
[13:04:18] [Worker-Main-1/INFO]: Preparing spawn area: 0%
[13:04:19] [Worker-Main-1/INFO]: Preparing spawn area: 0%
[13:04:19] [Worker-Main-1/INFO]: Preparing spawn area: 0%
[13:04:20] [Worker-Main-1/INFO]: Preparing spawn area: 0%
[13:04:21] [Worker-Main-1/INFO]: Preparing spawn area: 0%
[13:04:21] [Worker-Main-1/INFO]: Preparing spawn area: 0%
[13:04:21] [Worker-Main-1/INFO]: Preparing spawn area: 0%
[13:04:22] [Worker-Main-1/INFO]: Preparing spawn area: 0%
[13:04:22] [Worker-Main-1/INFO]: Preparing spawn area: 0%
[13:04:23] [Worker-Main-1/INFO]: Preparing spawn area: 0%
[13:04:23] [Worker-Main-1/INFO]: Preparing spawn area: 0%
[13:04:24] [Worker-Main-1/INFO]: Preparing spawn area: 0%
[13:04:25] [Worker-Main-1/INFO]: Preparing spawn area: 0%
[13:04:25] [Worker-Main-1/INFO]: Preparing spawn area: 0%
[13:04:25] [Worker-Main-1/INFO]: Preparing spawn area: 0%
[13:04:26] [Worker-Main-1/INFO]: Preparing spawn area: 0%
[13:04:26] [Worker-Main-1/INFO]: Preparing spawn area: 0%
[13:04:27] [Worker-Main-1/INFO]: Preparing spawn area: 0%
[13:04:27] [Worker-Main-1/INFO]: Preparing spawn area: 0%
[13:04:28] [Worker-Main-1/INFO]: Preparing spawn area: 0%
[13:04:28] [Worker-Main-1/INFO]: Preparing spawn area: 0%
[13:04:29] [Worker-Main-1/INFO]: Preparing spawn area: 0%
[13:04:29] [Worker-Main-1/INFO]: Preparing spawn area: 0%
[13:04:30] [Worker-Main-1/INFO]: Preparing spawn area: 0%
[13:04:30] [Worker-Main-1/INFO]: Preparing spawn area: 0%
[13:04:31] [Worker-Main-1/INFO]: Preparing spawn area: 0%
[13:04:31] [Worker-Main-1/INFO]: Preparing spawn area: 0%
[13:04:32] [Worker-Main-1/INFO]: Preparing spawn area: 0%
[13:04:32] [Worker-Main-1/INFO]: Preparing spawn area: 0%
[13:04:33] [Worker-Main-1/INFO]: Preparing spawn area: 0%
[13:04:33] [Worker-Main-1/INFO]: Preparing spawn area: 0%
[13:04:34] [Worker-Main-1/INFO]: Preparing spawn area: 0%
[13:04:34] [Worker-Main-1/INFO]: Preparing spawn area: 0%
[13:04:35] [Worker-Main-1/INFO]: Preparing spawn area: 0%
[13:04:35] [Worker-Main-1/INFO]: Preparing spawn area: 0%
[13:04:36] [Worker-Main-1/INFO]: Preparing spawn area: 0%
[13:04:36] [Worker-Main-1/INFO]: Preparing spawn area: 0%
[13:04:37] [Worker-Main-1/INFO]: Preparing spawn area: 0%
[13:04:37] [Worker-Main-1/INFO]: Preparing spawn area: 0%
[13:04:38] [Worker-Main-1/INFO]: Preparing spawn area: 0%
[13:04:38] [Worker-Main-1/INFO]: Preparing spawn area: 0%
[13:04:39] [Worker-Main-1/INFO]: Preparing spawn area: 0%
[13:04:39] [Worker-Main-1/INFO]: Preparing spawn area: 0%
[13:04:40] [Worker-Main-1/INFO]: Preparing spawn area: 0%
[13:04:40] [Worker-Main-1/INFO]: Preparing spawn area: 0%
[13:04:41] [Worker-Main-1/INFO]: Preparing spawn area: 0%
[13:04:41] [Worker-Main-1/INFO]: Preparing spawn area: 0%
[13:04:42] [Worker-Main-1/INFO]: Preparing spawn area: 0%
[13:04:42] [Worker-Main-1/INFO]: Preparing spawn area: 0%
[13:04:43] [Worker-Main-1/INFO]: Preparing spawn area: 0%
[13:04:43] [Worker-Main-1/INFO]: Preparing spawn area: 0%
[13:04:44] [Worker-Main-1/INFO]: Preparing spawn area: 0%
[13:04:45] [Worker-Main-1/INFO]: Preparing spawn area: 0%
[13:04:45] [Worker-Main-1/INFO]: Preparing spawn area: 0%
[13:04:45] [Worker-Main-1/INFO]: Preparing spawn area: 0%
[13:04:46] [Worker-Main-1/INFO]: Preparing spawn area: 0%
[13:04:46] [Worker-Main-1/INFO]: Preparing spawn area: 0%
[13:04:47] [Worker-Main-1/INFO]: Preparing spawn area: 0%
[13:04:47] [Worker-Main-1/INFO]: Preparing spawn area: 0%
[13:04:48] [Worker-Main-1/INFO]: Preparing spawn area: 0%
[13:04:48] [Worker-Main-1/INFO]: Preparing spawn area: 0%
[13:04:49] [Worker-Main-1/INFO]: Preparing spawn area: 0%
[13:04:49] [Worker-Main-1/INFO]: Preparing spawn area: 0%
[13:04:50] [Worker-Main-1/INFO]: Preparing spawn area: 0%
[13:04:50] [Worker-Main-1/INFO]: Preparing spawn area: 1%
[13:04:51] [Worker-Main-1/INFO]: Preparing spawn area: 4%
[13:04:52] [Worker-Main-1/INFO]: Preparing spawn area: 8%
[13:04:52] [Worker-Main-1/INFO]: Preparing spawn area: 9%
[13:04:53] [Worker-Main-1/INFO]: Preparing spawn area: 14%
[13:04:53] [Worker-Main-1/INFO]: Preparing spawn area: 16%
[13:04:54] [Worker-Main-1/INFO]: Preparing spawn area: 24%
[13:04:54] [Worker-Main-1/INFO]: Preparing spawn area: 31%
[13:04:55] [Worker-Main-1/INFO]: Preparing spawn area: 33%
[13:04:55] [Worker-Main-1/INFO]: Preparing spawn area: 44%
[13:04:56] [Worker-Main-1/INFO]: Preparing spawn area: 51%
[13:04:56] [Worker-Main-1/INFO]: Preparing spawn area: 55%
[13:04:56] [Worker-Main-1/INFO]: Preparing spawn area: 64%
[13:04:58] [Worker-Main-1/INFO]: Preparing spawn area: 66%
[13:04:58] [Worker-Main-1/INFO]: Preparing spawn area: 66%
[13:04:58] [Worker-Main-1/INFO]: Preparing spawn area: 76%
[13:04:59] [Worker-Main-1/INFO]: Preparing spawn area: 83%
[13:04:59] [Worker-Main-1/INFO]: Preparing spawn area: 83%
[13:05:01] [Server thread/INFO]: Time elapsed: 54887 ms
[13:05:01] [Server thread/INFO]: Done (65.298s)! For help, type "help"
[13:10:32] [Server thread/INFO]: Stopping the server
[13:10:32] [Server thread/INFO]: Stopping server
[13:10:32] [Server thread/INFO]: Saving players
[13:10:32] [Server thread/INFO]: Saving worlds
[13:10:33] [Server thread/INFO]: Saving chunks for level 'ServerLevel[world]'/minecraft:overworld
[13:10:55] [Server thread/INFO]: Saving chunks for level 'ServerLevel[world]'/minecraft:the_nether
[13:10:55] [Server thread/INFO]: Saving chunks for level 'ServerLevel[world]'/minecraft:the_end
[13:10:55] [Server thread/INFO]: ThreadedAnvilChunkStorage (world): All chunks are saved
[13:10:55] [Server thread/INFO]: ThreadedAnvilChunkStorage (DIM-1): All chunks are saved
[13:10:55] [Server thread/INFO]: ThreadedAnvilChunkStorage (DIM1): All chunks are saved
[13:10:55] [Server thread/INFO]: ThreadedAnvilChunkStorage: All dimensions are saved
